Using pre-set license
Built from '2020.2/release' branch; Version is '2020.2.0f1 (3721df5a8b28) revision 3613151'; Using compiler version '192528614'; Build Type 'Release'
OS: 'Windows 10  (10.0.0) 64bit' Language: 'en' Physical Memory: 15961 MB
BatchMode: 1, IsHumanControllingUs: 0, StartBugReporterOnCrash: 0, Is64bit: 1, IsPro: 0

 COMMAND LINE ARGUMENTS:
C:\Program Files\Unity\Hub\Editor\2020.2.0f1\Editor\Unity.exe
-adb2
-batchMode
-noUpm
-name
AssetImportWorker0
-projectPath
C:/Users/vitor/OneDrive/Documents/GitHub/Hobby/SlimeSim
-logFile
Logs/AssetImportWorker0.log
-srvPort
57588
Successfully changed project path to: C:/Users/vitor/OneDrive/Documents/GitHub/Hobby/SlimeSim
C:/Users/vitor/OneDrive/Documents/GitHub/Hobby/SlimeSim
Using Asset Import Pipeline V2.
Refreshing native plugins compatible for Editor in 129.79 ms, found 1 plugins.
Preloading 0 native plugins for Editor in 0.00 ms.
Initialize engine version: 2020.2.0f1 (3721df5a8b28)
[Subsystems] Discovering subsystems at path C:/Program Files/Unity/Hub/Editor/2020.2.0f1/Editor/Data/Resources/UnitySubsystems
[Subsystems] Discovering subsystems at path C:/Users/vitor/OneDrive/Documents/GitHub/Hobby/SlimeSim/Assets
GfxDevice: creating device client; threaded=0
Direct3D:
    Version:  Direct3D 11.0 [level 11.1]
    Renderer: Intel(R) Iris(R) Plus Graphics (ID=0x8a52)
    Vendor:   
    VRAM:     7980 MB
    Driver:   26.20.100.7985
Shader 'Universal Render Pipeline/Particles/Lit': fallback shader 'Universal Render Pipeline/Particles/SimpleLit' not found
Initialize mono
Mono path[0] = 'C:/Program Files/Unity/Hub/Editor/2020.2.0f1/Editor/Data/Managed'
Mono path[1] = 'C:/Program Files/Unity/Hub/Editor/2020.2.0f1/Editor/Data/MonoBleedingEdge/lib/mono/unityjit'
Mono config path = 'C:/Program Files/Unity/Hub/Editor/2020.2.0f1/Editor/Data/MonoBleedingEdge/etc'
Using monoOptions --debugger-agent=transport=dt_socket,embedding=1,server=y,suspend=n,address=127.0.0.1:56032
Begin MonoManager ReloadAssembly
Registering precompiled unity dll's ...
Register platform support module: C:/Program Files/Unity/Hub/Editor/2020.2.0f1/Editor/Data/PlaybackEngines/WindowsStandaloneSupport/UnityEditor.WindowsStandalone.Extensions.dll
Registered in 0.004451 seconds.
Native extension for WindowsStandalone target not found
Refreshing native plugins compatible for Editor in 105.79 ms, found 1 plugins.
Preloading 0 native plugins for Editor in 0.00 ms.
Invoked RoslynAnalysisRunner static constructor.
RoslynAnalysisRunner will not be running.
RoslynAnalysisRunner has terminated.
Mono: successfully reloaded assembly
- Completed reload, in  3.615 seconds
Platform modules already initialized, skipping
Registering precompiled user dll's ...
Registered in 0.003954 seconds.
Begin MonoManager ReloadAssembly
Native extension for WindowsStandalone target not found
Refreshing native plugins compatible for Editor in 115.51 ms, found 1 plugins.
Preloading 0 native plugins for Editor in 0.00 ms.
Invoked RoslynAnalysisRunner static constructor.
RoslynAnalysisRunner will not be running.
RoslynAnalysisRunner has terminated.
Mono: successfully reloaded assembly
- Completed reload, in  1.854 seconds
Platform modules already initialized, skipping
========================================================================
Worker process is ready to serve import requests
Shader 'Universal Render Pipeline/Particles/Lit': fallback shader 'Universal Render Pipeline/Particles/SimpleLit' not found
Launched and connected shader compiler UnityShaderCompiler.exe after 0.04 seconds
Refreshing native plugins compatible for Editor in 0.88 ms, found 1 plugins.
Preloading 0 native plugins for Editor in 0.00 ms.
Unloading 2824 Unused Serialized files (Serialized files now loaded: 0)
System memory in use before: 146.4 MB.
System memory in use after: 146.6 MB.

Unloading 19 unused Assets to reduce memory usage. Loaded Objects now: 3293.
Total: 3.108700 ms (FindLiveObjects: 0.662400 ms CreateObjectMapping: 0.136600 ms MarkObjects: 2.274800 ms  DeleteObjects: 0.032300 ms)

========================================================================
Received Import Request.
  path: Assets/UI/UI.prefab
  artifactKey: Guid(4c587e126fd635448863be242849c629) Importer(815301076,1909f56bfc062723c751e8b465ee728b)
Start importing Assets/UI/UI.prefab using Guid(4c587e126fd635448863be242849c629) Importer(815301076,1909f56bfc062723c751e8b465ee728b)  -> (artifact id: '0529cb0a48f5da7c6612cc1d5713c8e4') in 0.108032 seconds
  Import took 0.119257 seconds .

========================================================================
Received Import Request.
  Time since last request: 0.000363 seconds.
  path: Assets/UI/AnalogTouchControls.cs
  artifactKey: Guid(97f20f36e503a9343bb99a1738c6f501) Importer(815301076,1909f56bfc062723c751e8b465ee728b)
Start importing Assets/UI/AnalogTouchControls.cs using Guid(97f20f36e503a9343bb99a1738c6f501) Importer(815301076,1909f56bfc062723c751e8b465ee728b)  -> (artifact id: '30b689c9638def9a4bc7d88121e8b1df') in 0.020108 seconds
  Import took 0.031329 seconds .

========================================================================
Received Import Request.
  Time since last request: 27.595957 seconds.
  path: Assets/UI/AnalogTouchControls.cs
  artifactKey: Guid(97f20f36e503a9343bb99a1738c6f501) Importer(815301076,1909f56bfc062723c751e8b465ee728b)
Start importing Assets/UI/AnalogTouchControls.cs using Guid(97f20f36e503a9343bb99a1738c6f501) Importer(815301076,1909f56bfc062723c751e8b465ee728b)  -> (artifact id: '9d2f91b51eb0ffd649dd1e3d26b4a3dc') in 0.022359 seconds
  Import took 0.039580 seconds .

========================================================================
Received Prepare
Registering precompiled user dll's ...
Registered in 0.004210 seconds.
Begin MonoManager ReloadAssembly
Native extension for WindowsStandalone target not found
Refreshing native plugins compatible for Editor in 1.07 ms, found 1 plugins.
Preloading 0 native plugins for Editor in 0.00 ms.
Invoked RoslynAnalysisRunner static constructor.
RoslynAnalysisRunner will not be running.
RoslynAnalysisRunner has terminated.
Mono: successfully reloaded assembly
- Completed reload, in  1.646 seconds
Platform modules already initialized, skipping
Shader 'Universal Render Pipeline/Particles/Lit': fallback shader 'Universal Render Pipeline/Particles/SimpleLit' not found
Refreshing native plugins compatible for Editor in 1.38 ms, found 1 plugins.
Preloading 0 native plugins for Editor in 0.00 ms.
Unloading 2714 Unused Serialized files (Serialized files now loaded: 0)
System memory in use before: 139.0 MB.
System memory in use after: 139.2 MB.

Unloading 11 unused Assets to reduce memory usage. Loaded Objects now: 3297.
Total: 5.749900 ms (FindLiveObjects: 0.650800 ms CreateObjectMapping: 0.270600 ms MarkObjects: 4.764600 ms  DeleteObjects: 0.060700 ms)

========================================================================
Received Prepare
Registering precompiled user dll's ...
Registered in 0.006052 seconds.
Begin MonoManager ReloadAssembly
Native extension for WindowsStandalone target not found
Refreshing native plugins compatible for Editor in 0.89 ms, found 1 plugins.
Preloading 0 native plugins for Editor in 0.00 ms.
Invoked RoslynAnalysisRunner static constructor.
RoslynAnalysisRunner will not be running.
RoslynAnalysisRunner has terminated.
Mono: successfully reloaded assembly
- Completed reload, in  1.680 seconds
Platform modules already initialized, skipping
Shader 'Universal Render Pipeline/Particles/Lit': fallback shader 'Universal Render Pipeline/Particles/SimpleLit' not found
Refreshing native plugins compatible for Editor in 0.90 ms, found 1 plugins.
Preloading 0 native plugins for Editor in 0.00 ms.
Unloading 2715 Unused Serialized files (Serialized files now loaded: 0)
System memory in use before: 139.1 MB.
System memory in use after: 139.3 MB.

Unloading 9 unused Assets to reduce memory usage. Loaded Objects now: 3299.
Total: 3.161900 ms (FindLiveObjects: 0.265300 ms CreateObjectMapping: 0.105400 ms MarkObjects: 2.747600 ms  DeleteObjects: 0.040200 ms)

========================================================================
Received Prepare
Registering precompiled user dll's ...
Registered in 0.003802 seconds.
Begin MonoManager ReloadAssembly
Native extension for WindowsStandalone target not found
Refreshing native plugins compatible for Editor in 1.16 ms, found 1 plugins.
Preloading 0 native plugins for Editor in 0.00 ms.
Invoked RoslynAnalysisRunner static constructor.
RoslynAnalysisRunner will not be running.
RoslynAnalysisRunner has terminated.
Mono: successfully reloaded assembly
- Completed reload, in  2.248 seconds
Platform modules already initialized, skipping
Shader 'Universal Render Pipeline/Particles/Lit': fallback shader 'Universal Render Pipeline/Particles/SimpleLit' not found
Refreshing native plugins compatible for Editor in 1.14 ms, found 1 plugins.
Preloading 0 native plugins for Editor in 0.00 ms.
Unloading 2715 Unused Serialized files (Serialized files now loaded: 0)
System memory in use before: 139.2 MB.
System memory in use after: 139.4 MB.

Unloading 9 unused Assets to reduce memory usage. Loaded Objects now: 3301.
Total: 7.340300 ms (FindLiveObjects: 1.022800 ms CreateObjectMapping: 0.288100 ms MarkObjects: 5.993300 ms  DeleteObjects: 0.032800 ms)

========================================================================
Received Import Request.
  Time since last request: 2987.306404 seconds.
  path: Assets/CamerBehaviour.cs
  artifactKey: Guid(4a2327251f57df845a4c1501ff8e1d7f) Importer(815301076,1909f56bfc062723c751e8b465ee728b)
Start importing Assets/CamerBehaviour.cs using Guid(4a2327251f57df845a4c1501ff8e1d7f) Importer(815301076,1909f56bfc062723c751e8b465ee728b)  -> (artifact id: '80abc8db7650ab254570bcd42b6435d1') in 0.015220 seconds
  Import took 0.026152 seconds .

