Using pre-set license
Built from '2020.2/release' branch; Version is '2020.2.0f1 (3721df5a8b28) revision 3613151'; Using compiler version '192528614'; Build Type 'Release'
OS: 'Windows 10  (10.0.0) 64bit' Language: 'en' Physical Memory: 15961 MB
BatchMode: 1, IsHumanControllingUs: 0, StartBugReporterOnCrash: 0, Is64bit: 1, IsPro: 0

 COMMAND LINE ARGUMENTS:
C:\Program Files\Unity\Hub\Editor\2020.2.0f1\Editor\Unity.exe
-adb2
-batchMode
-noUpm
-name
AssetImportWorker0
-projectPath
C:/Users/vitor/OneDrive/Documents/GitHub/Hobby/SlimeSim
-logFile
Logs/AssetImportWorker0.log
-srvPort
62350
Successfully changed project path to: C:/Users/vitor/OneDrive/Documents/GitHub/Hobby/SlimeSim
C:/Users/vitor/OneDrive/Documents/GitHub/Hobby/SlimeSim
Using Asset Import Pipeline V2.
Refreshing native plugins compatible for Editor in 67.49 ms, found 1 plugins.
Preloading 0 native plugins for Editor in 0.00 ms.
Initialize engine version: 2020.2.0f1 (3721df5a8b28)
[Subsystems] Discovering subsystems at path C:/Program Files/Unity/Hub/Editor/2020.2.0f1/Editor/Data/Resources/UnitySubsystems
[Subsystems] Discovering subsystems at path C:/Users/vitor/OneDrive/Documents/GitHub/Hobby/SlimeSim/Assets
GfxDevice: creating device client; threaded=0
Direct3D:
    Version:  Direct3D 11.0 [level 11.1]
    Renderer: Intel(R) Iris(R) Plus Graphics (ID=0x8a52)
    Vendor:   
    VRAM:     7980 MB
    Driver:   26.20.100.7985
Shader 'Universal Render Pipeline/Particles/Lit': fallback shader 'Universal Render Pipeline/Particles/SimpleLit' not found
Initialize mono
Mono path[0] = 'C:/Program Files/Unity/Hub/Editor/2020.2.0f1/Editor/Data/Managed'
Mono path[1] = 'C:/Program Files/Unity/Hub/Editor/2020.2.0f1/Editor/Data/MonoBleedingEdge/lib/mono/unityjit'
Mono config path = 'C:/Program Files/Unity/Hub/Editor/2020.2.0f1/Editor/Data/MonoBleedingEdge/etc'
Using monoOptions --debugger-agent=transport=dt_socket,embedding=1,server=y,suspend=n,address=127.0.0.1:56240
Begin MonoManager ReloadAssembly
Registering precompiled unity dll's ...
Register platform support module: C:/Program Files/Unity/Hub/Editor/2020.2.0f1/Editor/Data/PlaybackEngines/WindowsStandaloneSupport/UnityEditor.WindowsStandalone.Extensions.dll
Registered in 0.002055 seconds.
Native extension for WindowsStandalone target not found
Refreshing native plugins compatible for Editor in 82.78 ms, found 1 plugins.
Preloading 0 native plugins for Editor in 0.00 ms.
Invoked RoslynAnalysisRunner static constructor.
RoslynAnalysisRunner will not be running.
RoslynAnalysisRunner has terminated.
Mono: successfully reloaded assembly
- Completed reload, in  3.796 seconds
Platform modules already initialized, skipping
Registering precompiled user dll's ...
Registered in 0.003524 seconds.
Begin MonoManager ReloadAssembly
Native extension for WindowsStandalone target not found
Refreshing native plugins compatible for Editor in 155.54 ms, found 1 plugins.
Preloading 0 native plugins for Editor in 0.00 ms.
Invoked RoslynAnalysisRunner static constructor.
RoslynAnalysisRunner will not be running.
RoslynAnalysisRunner has terminated.
Mono: successfully reloaded assembly
- Completed reload, in  2.195 seconds
Platform modules already initialized, skipping
========================================================================
Worker process is ready to serve import requests
Shader 'Universal Render Pipeline/Particles/Lit': fallback shader 'Universal Render Pipeline/Particles/SimpleLit' not found
Launched and connected shader compiler UnityShaderCompiler.exe after 0.04 seconds
Refreshing native plugins compatible for Editor in 0.67 ms, found 1 plugins.
Preloading 0 native plugins for Editor in 0.00 ms.
Unloading 2826 Unused Serialized files (Serialized files now loaded: 0)
System memory in use before: 146.5 MB.
System memory in use after: 146.7 MB.

Unloading 19 unused Assets to reduce memory usage. Loaded Objects now: 3295.
Total: 3.157300 ms (FindLiveObjects: 0.272700 ms CreateObjectMapping: 0.110500 ms MarkObjects: 2.722100 ms  DeleteObjects: 0.049900 ms)

========================================================================
Received Import Request.
  path: Assets/Objects/SideKick/SideKick.prefab
  artifactKey: Guid(123c788753bf2a144b18f66b0b4b5850) Importer(815301076,1909f56bfc062723c751e8b465ee728b)
Start importing Assets/Objects/SideKick/SideKick.prefab using Guid(123c788753bf2a144b18f66b0b4b5850) Importer(815301076,1909f56bfc062723c751e8b465ee728b)  -> (artifact id: '48f3398df403a07910b4cd91b0bd4050') in 0.341131 seconds
  Import took 0.353430 seconds .

========================================================================
Received Import Request.
  Time since last request: 0.000223 seconds.
  path: Assets/Objects/Bush/Bush.prefab
  artifactKey: Guid(65ee24c4894fe884f8757b4412801724) Importer(815301076,1909f56bfc062723c751e8b465ee728b)
Start importing Assets/Objects/Bush/Bush.prefab using Guid(65ee24c4894fe884f8757b4412801724) Importer(815301076,1909f56bfc062723c751e8b465ee728b)  -> (artifact id: '5b137c5809abceea4be424006a40ddee') in 0.047446 seconds
  Import took 0.058283 seconds .

========================================================================
Received Import Request.
  Time since last request: 0.000402 seconds.
  path: Assets/Objects/Coin/Coin.prefab
  artifactKey: Guid(5882ce1be19f8bf4a83b4534fe784173) Importer(815301076,1909f56bfc062723c751e8b465ee728b)
Start importing Assets/Objects/Coin/Coin.prefab using Guid(5882ce1be19f8bf4a83b4534fe784173) Importer(815301076,1909f56bfc062723c751e8b465ee728b)  -> (artifact id: '8e807f72ed6478a626efbc26803ab10e') in 0.027756 seconds
  Import took 0.041032 seconds .

========================================================================
Received Import Request.
  Time since last request: 27.646694 seconds.
  path: Assets/Objects/SideKick/SideKickController.cs
  artifactKey: Guid(7e36a7687b543c141a2ea06294a16b26) Importer(815301076,1909f56bfc062723c751e8b465ee728b)
Start importing Assets/Objects/SideKick/SideKickController.cs using Guid(7e36a7687b543c141a2ea06294a16b26) Importer(815301076,1909f56bfc062723c751e8b465ee728b)  -> (artifact id: '3d67cc1ce9fbcaa788cb4bb1b290a030') in 0.016716 seconds
  Import took 0.025149 seconds .

========================================================================
Received Import Request.
  Time since last request: 0.811601 seconds.
  path: Assets/Objects/SideKick/SideKickAnimationController.cs
  artifactKey: Guid(1d773c417123277489a15864e4811c74) Importer(815301076,1909f56bfc062723c751e8b465ee728b)
Start importing Assets/Objects/SideKick/SideKickAnimationController.cs using Guid(1d773c417123277489a15864e4811c74) Importer(815301076,1909f56bfc062723c751e8b465ee728b)  -> (artifact id: 'c6b1251032a2edccbb08dcb9badf8cd1') in 0.006508 seconds
  Import took 0.019571 seconds .

========================================================================
Received Import Request.
  Time since last request: 30.309342 seconds.
  path: Assets/UI/UI.prefab
  artifactKey: Guid(4c587e126fd635448863be242849c629) Importer(815301076,1909f56bfc062723c751e8b465ee728b)
Start importing Assets/UI/UI.prefab using Guid(4c587e126fd635448863be242849c629) Importer(815301076,1909f56bfc062723c751e8b465ee728b)  -> (artifact id: '3f364d9f186d4a89ff11a953f2e74c89') in 0.024041 seconds
  Import took 0.035219 seconds .

========================================================================
Received Import Request.
  Time since last request: 329.419151 seconds.
  path: Assets/UI/AnalogTouchControls.cs
  artifactKey: Guid(97f20f36e503a9343bb99a1738c6f501) Importer(815301076,1909f56bfc062723c751e8b465ee728b)
Start importing Assets/UI/AnalogTouchControls.cs using Guid(97f20f36e503a9343bb99a1738c6f501) Importer(815301076,1909f56bfc062723c751e8b465ee728b)  -> (artifact id: 'f0c25067213769526477863eceb476ee') in 0.005249 seconds
  Import took 0.017112 seconds .

========================================================================
Received Import Request.
  Time since last request: 0.100876 seconds.
  path: Assets/UI/AnalogTouchControls.cs
  artifactKey: Guid(97f20f36e503a9343bb99a1738c6f501) Importer(815301076,1909f56bfc062723c751e8b465ee728b)
Start importing Assets/UI/AnalogTouchControls.cs using Guid(97f20f36e503a9343bb99a1738c6f501) Importer(815301076,1909f56bfc062723c751e8b465ee728b)  -> (artifact id: 'f0c25067213769526477863eceb476ee') in 0.006855 seconds
  Import took 0.020214 seconds .

========================================================================
Received Import Request.
  Time since last request: 47.028668 seconds.
  path: Assets/UI/AnalogTouchControls.cs
  artifactKey: Guid(97f20f36e503a9343bb99a1738c6f501) Importer(815301076,1909f56bfc062723c751e8b465ee728b)
Start importing Assets/UI/AnalogTouchControls.cs using Guid(97f20f36e503a9343bb99a1738c6f501) Importer(815301076,1909f56bfc062723c751e8b465ee728b)  -> (artifact id: '4604c8e590d6cd2c23fc90dd94e56d0a') in 0.006504 seconds
  Import took 0.016093 seconds .

========================================================================
Received Import Request.
  Time since last request: 0.033216 seconds.
  path: Assets/UI/AnalogTouchControls.cs
  artifactKey: Guid(97f20f36e503a9343bb99a1738c6f501) Importer(815301076,1909f56bfc062723c751e8b465ee728b)
Start importing Assets/UI/AnalogTouchControls.cs using Guid(97f20f36e503a9343bb99a1738c6f501) Importer(815301076,1909f56bfc062723c751e8b465ee728b)  -> (artifact id: '4604c8e590d6cd2c23fc90dd94e56d0a') in 0.009041 seconds
  Import took 0.024434 seconds .

========================================================================
Received Import Request.
  Time since last request: 189.616942 seconds.
  path: Assets/UI/AnalogTouchControls.cs
  artifactKey: Guid(97f20f36e503a9343bb99a1738c6f501) Importer(815301076,1909f56bfc062723c751e8b465ee728b)
Start importing Assets/UI/AnalogTouchControls.cs using Guid(97f20f36e503a9343bb99a1738c6f501) Importer(815301076,1909f56bfc062723c751e8b465ee728b)  -> (artifact id: '271b8b60dd407df4bafbfc0237bca6e2') in 0.006348 seconds
  Import took 0.018919 seconds .

========================================================================
Received Import Request.
  Time since last request: 0.043431 seconds.
  path: Assets/UI/AnalogTouchControls.cs
  artifactKey: Guid(97f20f36e503a9343bb99a1738c6f501) Importer(815301076,1909f56bfc062723c751e8b465ee728b)
Start importing Assets/UI/AnalogTouchControls.cs using Guid(97f20f36e503a9343bb99a1738c6f501) Importer(815301076,1909f56bfc062723c751e8b465ee728b)  -> (artifact id: '271b8b60dd407df4bafbfc0237bca6e2') in 0.009103 seconds
  Import took 0.028724 seconds .

========================================================================
Received Prepare
Registering precompiled user dll's ...
Registered in 0.002887 seconds.
Begin MonoManager ReloadAssembly
Native extension for WindowsStandalone target not found
Refreshing native plugins compatible for Editor in 0.88 ms, found 1 plugins.
Preloading 0 native plugins for Editor in 0.00 ms.
Invoked RoslynAnalysisRunner static constructor.
RoslynAnalysisRunner will not be running.
RoslynAnalysisRunner has terminated.
Mono: successfully reloaded assembly
- Completed reload, in  1.738 seconds
Platform modules already initialized, skipping
Shader 'Universal Render Pipeline/Particles/Lit': fallback shader 'Universal Render Pipeline/Particles/SimpleLit' not found
Refreshing native plugins compatible for Editor in 0.53 ms, found 1 plugins.
Preloading 0 native plugins for Editor in 0.00 ms.
Unloading 2716 Unused Serialized files (Serialized files now loaded: 0)
System memory in use before: 144.2 MB.
System memory in use after: 144.4 MB.

Unloading 11 unused Assets to reduce memory usage. Loaded Objects now: 3343.
Total: 3.820500 ms (FindLiveObjects: 0.450500 ms CreateObjectMapping: 0.199700 ms MarkObjects: 3.125900 ms  DeleteObjects: 0.042900 ms)

========================================================================
Received Import Request.
  Time since last request: 16.825568 seconds.
  path: Assets/UI/UI.prefab
  artifactKey: Guid(4c587e126fd635448863be242849c629) Importer(815301076,1909f56bfc062723c751e8b465ee728b)
Start importing Assets/UI/UI.prefab using Guid(4c587e126fd635448863be242849c629) Importer(815301076,1909f56bfc062723c751e8b465ee728b)  -> (artifact id: 'e585cb74b5c9e33315c15a17314d3df0') in 0.075346 seconds
  Import took 0.091003 seconds .

========================================================================
Received Prepare
Registering precompiled user dll's ...
Registered in 0.002311 seconds.
Begin MonoManager ReloadAssembly
Native extension for WindowsStandalone target not found
Refreshing native plugins compatible for Editor in 0.82 ms, found 1 plugins.
Preloading 0 native plugins for Editor in 0.00 ms.
Invoked RoslynAnalysisRunner static constructor.
RoslynAnalysisRunner will not be running.
RoslynAnalysisRunner has terminated.
Mono: successfully reloaded assembly
- Completed reload, in  1.711 seconds
Platform modules already initialized, skipping
Shader 'Universal Render Pipeline/Particles/Lit': fallback shader 'Universal Render Pipeline/Particles/SimpleLit' not found
Refreshing native plugins compatible for Editor in 1.30 ms, found 1 plugins.
Preloading 0 native plugins for Editor in 0.00 ms.
Unloading 2717 Unused Serialized files (Serialized files now loaded: 0)
System memory in use before: 144.3 MB.
System memory in use after: 144.6 MB.

Unloading 11 unused Assets to reduce memory usage. Loaded Objects now: 3345.
Total: 3.966300 ms (FindLiveObjects: 0.409500 ms CreateObjectMapping: 0.178900 ms MarkObjects: 3.305400 ms  DeleteObjects: 0.069900 ms)

========================================================================
Received Import Request.
  Time since last request: 19.832739 seconds.
  path: Assets/UI/UI.prefab
  artifactKey: Guid(4c587e126fd635448863be242849c629) Importer(815301076,1909f56bfc062723c751e8b465ee728b)
Start importing Assets/UI/UI.prefab using Guid(4c587e126fd635448863be242849c629) Importer(815301076,1909f56bfc062723c751e8b465ee728b)  -> (artifact id: '82386330c7b15529a8d8518df94d37d0') in 0.100972 seconds
  Import took 0.110563 seconds .

========================================================================
Received Prepare
Shader 'Universal Render Pipeline/Particles/Lit': fallback shader 'Universal Render Pipeline/Particles/SimpleLit' not found
Refreshing native plugins compatible for Editor in 4.12 ms, found 1 plugins.
Preloading 0 native plugins for Editor in 0.00 ms.
Unloading 10 Unused Serialized files (Serialized files now loaded: 0)
System memory in use before: 93.3 MB.
System memory in use after: 93.5 MB.

Unloading 8 unused Assets to reduce memory usage. Loaded Objects now: 3345.
Total: 3.918100 ms (FindLiveObjects: 0.335500 ms CreateObjectMapping: 0.151400 ms MarkObjects: 3.379700 ms  DeleteObjects: 0.038500 ms)

========================================================================
Received Prepare
Registering precompiled user dll's ...
Registered in 0.003485 seconds.
Begin MonoManager ReloadAssembly
Native extension for WindowsStandalone target not found
Refreshing native plugins compatible for Editor in 0.65 ms, found 1 plugins.
Preloading 0 native plugins for Editor in 0.00 ms.
Invoked RoslynAnalysisRunner static constructor.
RoslynAnalysisRunner will not be running.
RoslynAnalysisRunner has terminated.
Mono: successfully reloaded assembly
- Completed reload, in  1.869 seconds
Platform modules already initialized, skipping
Shader 'Universal Render Pipeline/Particles/Lit': fallback shader 'Universal Render Pipeline/Particles/SimpleLit' not found
Refreshing native plugins compatible for Editor in 0.54 ms, found 1 plugins.
Preloading 0 native plugins for Editor in 0.00 ms.
Unloading 2716 Unused Serialized files (Serialized files now loaded: 0)
System memory in use before: 145.0 MB.
System memory in use after: 145.2 MB.

Unloading 9 unused Assets to reduce memory usage. Loaded Objects now: 3347.
Total: 3.021200 ms (FindLiveObjects: 0.509500 ms CreateObjectMapping: 0.257300 ms MarkObjects: 2.232900 ms  DeleteObjects: 0.019600 ms)

========================================================================
Received Import Request.
  Time since last request: 807.419645 seconds.
  path: Assets/UI/UI.prefab
  artifactKey: Guid(4c587e126fd635448863be242849c629) Importer(815301076,1909f56bfc062723c751e8b465ee728b)
Start importing Assets/UI/UI.prefab using Guid(4c587e126fd635448863be242849c629) Importer(815301076,1909f56bfc062723c751e8b465ee728b)  -> (artifact id: '812d80f0fcf5283c7a4f5fcc2768fa40') in 0.071793 seconds
  Import took 0.082042 seconds .

========================================================================
Received Prepare
Shader 'Universal Render Pipeline/Particles/Lit': fallback shader 'Universal Render Pipeline/Particles/SimpleLit' not found
Refreshing native plugins compatible for Editor in 5.44 ms, found 1 plugins.
Preloading 0 native plugins for Editor in 0.00 ms.
Unloading 10 Unused Serialized files (Serialized files now loaded: 0)
System memory in use before: 94.3 MB.
System memory in use after: 94.5 MB.

Unloading 8 unused Assets to reduce memory usage. Loaded Objects now: 3347.
Total: 3.278600 ms (FindLiveObjects: 0.319700 ms CreateObjectMapping: 0.099400 ms MarkObjects: 2.811000 ms  DeleteObjects: 0.046000 ms)

========================================================================
Received Prepare
Shader 'Universal Render Pipeline/Particles/Lit': fallback shader 'Universal Render Pipeline/Particles/SimpleLit' not found
Refreshing native plugins compatible for Editor in 4.16 ms, found 1 plugins.
Preloading 0 native plugins for Editor in 0.00 ms.
Unloading 7 Unused Serialized files (Serialized files now loaded: 0)
System memory in use before: 94.3 MB.
System memory in use after: 94.5 MB.

Unloading 6 unused Assets to reduce memory usage. Loaded Objects now: 3347.
Total: 4.072000 ms (FindLiveObjects: 0.348900 ms CreateObjectMapping: 0.143000 ms MarkObjects: 3.556500 ms  DeleteObjects: 0.020900 ms)

========================================================================
Received Prepare
Registering precompiled user dll's ...
Registered in 0.002930 seconds.
Begin MonoManager ReloadAssembly
Native extension for WindowsStandalone target not found
Refreshing native plugins compatible for Editor in 0.75 ms, found 1 plugins.
Preloading 0 native plugins for Editor in 0.00 ms.
Invoked RoslynAnalysisRunner static constructor.
RoslynAnalysisRunner will not be running.
RoslynAnalysisRunner has terminated.
Mono: successfully reloaded assembly
- Completed reload, in  1.740 seconds
Platform modules already initialized, skipping
Shader 'Universal Render Pipeline/Particles/Lit': fallback shader 'Universal Render Pipeline/Particles/SimpleLit' not found
Refreshing native plugins compatible for Editor in 0.60 ms, found 1 plugins.
Preloading 0 native plugins for Editor in 0.00 ms.
Unloading 2716 Unused Serialized files (Serialized files now loaded: 0)
System memory in use before: 145.3 MB.
System memory in use after: 145.5 MB.

Unloading 9 unused Assets to reduce memory usage. Loaded Objects now: 3349.
Total: 3.047300 ms (FindLiveObjects: 0.269400 ms CreateObjectMapping: 0.129200 ms MarkObjects: 2.610600 ms  DeleteObjects: 0.036100 ms)

========================================================================
Received Prepare
Shader 'Universal Render Pipeline/Particles/Lit': fallback shader 'Universal Render Pipeline/Particles/SimpleLit' not found
Refreshing native plugins compatible for Editor in 2.95 ms, found 1 plugins.
Preloading 0 native plugins for Editor in 0.00 ms.
Unloading 10 Unused Serialized files (Serialized files now loaded: 0)
System memory in use before: 93.9 MB.
System memory in use after: 94.1 MB.

Unloading 6 unused Assets to reduce memory usage. Loaded Objects now: 3349.
Total: 3.344800 ms (FindLiveObjects: 0.567200 ms CreateObjectMapping: 0.177100 ms MarkObjects: 2.570400 ms  DeleteObjects: 0.028000 ms)

========================================================================
Received Prepare
Registering precompiled user dll's ...
Registered in 0.004108 seconds.
Begin MonoManager ReloadAssembly
Native extension for WindowsStandalone target not found
Refreshing native plugins compatible for Editor in 1.41 ms, found 1 plugins.
Preloading 0 native plugins for Editor in 0.00 ms.
Invoked RoslynAnalysisRunner static constructor.
RoslynAnalysisRunner will not be running.
RoslynAnalysisRunner has terminated.
Mono: successfully reloaded assembly
- Completed reload, in  2.468 seconds
Platform modules already initialized, skipping
Shader 'Universal Render Pipeline/Particles/Lit': fallback shader 'Universal Render Pipeline/Particles/SimpleLit' not found
Refreshing native plugins compatible for Editor in 1.36 ms, found 1 plugins.
Preloading 0 native plugins for Editor in 0.00 ms.
Unloading 2716 Unused Serialized files (Serialized files now loaded: 0)
System memory in use before: 144.9 MB.
System memory in use after: 145.1 MB.

Unloading 9 unused Assets to reduce memory usage. Loaded Objects now: 3351.
Total: 5.980300 ms (FindLiveObjects: 0.610000 ms CreateObjectMapping: 0.345800 ms MarkObjects: 4.932900 ms  DeleteObjects: 0.087000 ms)

========================================================================
Received Prepare
Registering precompiled user dll's ...
Registered in 0.002229 seconds.
Begin MonoManager ReloadAssembly
Native extension for WindowsStandalone target not found
Refreshing native plugins compatible for Editor in 0.60 ms, found 1 plugins.
Preloading 0 native plugins for Editor in 0.00 ms.
Invoked RoslynAnalysisRunner static constructor.
RoslynAnalysisRunner will not be running.
RoslynAnalysisRunner has terminated.
Mono: successfully reloaded assembly
- Completed reload, in  1.842 seconds
Platform modules already initialized, skipping
Shader 'Universal Render Pipeline/Particles/Lit': fallback shader 'Universal Render Pipeline/Particles/SimpleLit' not found
Refreshing native plugins compatible for Editor in 0.84 ms, found 1 plugins.
Preloading 0 native plugins for Editor in 0.00 ms.
Unloading 2717 Unused Serialized files (Serialized files now loaded: 0)
System memory in use before: 145.0 MB.
System memory in use after: 145.2 MB.

Unloading 9 unused Assets to reduce memory usage. Loaded Objects now: 3353.
Total: 5.305600 ms (FindLiveObjects: 0.638100 ms CreateObjectMapping: 0.239400 ms MarkObjects: 4.374400 ms  DeleteObjects: 0.050000 ms)

========================================================================
Received Prepare
Shader 'Universal Render Pipeline/Particles/Lit': fallback shader 'Universal Render Pipeline/Particles/SimpleLit' not found
Refreshing native plugins compatible for Editor in 4.28 ms, found 1 plugins.
Preloading 0 native plugins for Editor in 0.00 ms.
Unloading 10 Unused Serialized files (Serialized files now loaded: 0)
System memory in use before: 93.7 MB.
System memory in use after: 94.0 MB.

Unloading 6 unused Assets to reduce memory usage. Loaded Objects now: 3353.
Total: 5.382600 ms (FindLiveObjects: 1.291900 ms CreateObjectMapping: 0.368300 ms MarkObjects: 3.693500 ms  DeleteObjects: 0.026400 ms)

========================================================================
Received Prepare
Registering precompiled user dll's ...
Registered in 0.002294 seconds.
Begin MonoManager ReloadAssembly
Native extension for WindowsStandalone target not found
Refreshing native plugins compatible for Editor in 0.86 ms, found 1 plugins.
Preloading 0 native plugins for Editor in 0.00 ms.
Invoked RoslynAnalysisRunner static constructor.
RoslynAnalysisRunner will not be running.
RoslynAnalysisRunner has terminated.
Mono: successfully reloaded assembly
- Completed reload, in  1.961 seconds
Platform modules already initialized, skipping
Shader 'Universal Render Pipeline/Particles/Lit': fallback shader 'Universal Render Pipeline/Particles/SimpleLit' not found
Refreshing native plugins compatible for Editor in 0.89 ms, found 1 plugins.
Preloading 0 native plugins for Editor in 0.00 ms.
Unloading 2716 Unused Serialized files (Serialized files now loaded: 0)
System memory in use before: 145.6 MB.
System memory in use after: 145.8 MB.

Unloading 9 unused Assets to reduce memory usage. Loaded Objects now: 3355.
Total: 2.818600 ms (FindLiveObjects: 0.394500 ms CreateObjectMapping: 0.141600 ms MarkObjects: 2.263500 ms  DeleteObjects: 0.017400 ms)

========================================================================
Received Prepare
Registering precompiled user dll's ...
Registered in 0.002987 seconds.
Begin MonoManager ReloadAssembly
Native extension for WindowsStandalone target not found
Refreshing native plugins compatible for Editor in 0.99 ms, found 1 plugins.
Preloading 0 native plugins for Editor in 0.00 ms.
Invoked RoslynAnalysisRunner static constructor.
RoslynAnalysisRunner will not be running.
RoslynAnalysisRunner has terminated.
Mono: successfully reloaded assembly
- Completed reload, in  1.813 seconds
Platform modules already initialized, skipping
Shader 'Universal Render Pipeline/Particles/Lit': fallback shader 'Universal Render Pipeline/Particles/SimpleLit' not found
Refreshing native plugins compatible for Editor in 1.48 ms, found 1 plugins.
Preloading 0 native plugins for Editor in 0.00 ms.
Unloading 2717 Unused Serialized files (Serialized files now loaded: 0)
System memory in use before: 145.7 MB.
System memory in use after: 145.9 MB.

Unloading 9 unused Assets to reduce memory usage. Loaded Objects now: 3357.
Total: 3.188200 ms (FindLiveObjects: 0.352200 ms CreateObjectMapping: 0.180600 ms MarkObjects: 2.626700 ms  DeleteObjects: 0.026800 ms)

========================================================================
Received Prepare
Shader 'Universal Render Pipeline/Particles/Lit': fallback shader 'Universal Render Pipeline/Particles/SimpleLit' not found
Refreshing native plugins compatible for Editor in 3.93 ms, found 1 plugins.
Preloading 0 native plugins for Editor in 0.00 ms.
Unloading 10 Unused Serialized files (Serialized files now loaded: 0)
System memory in use before: 93.9 MB.
System memory in use after: 94.1 MB.

Unloading 6 unused Assets to reduce memory usage. Loaded Objects now: 3357.
Total: 4.710600 ms (FindLiveObjects: 0.447100 ms CreateObjectMapping: 0.219500 ms MarkObjects: 4.005100 ms  DeleteObjects: 0.036900 ms)

AssetImportWorkerClient::OnTransportError - code=2 error=End of file
